<?xml version="1.0" encoding="UTF-8"?>
<!-- Generated by org.testng.reporters.JUnitXMLReporter -->
<testsuite ignored="0" hostname="Alpha-3HLS322" failures="0" tests="1" name="TC_SearchGoogle" time="0.046" errors="0" timestamp="2021-03-24T19:07:19 EDT">
  <testcase classname="TestCases.TC_SearchGoogle" name="@BeforeTest lauchtoGooglePage" time="-1.616627239003E9">
    <failure type="org.testng.TestNGException" message="
Parameter &amp;apos;browser&amp;apos; is required by BeforeTest on method lauchtoGooglePage but has not been marked @Optional or defined
in C:\Users\Hao\eclipse-workspace\LearnPOM\GooglSearchdata.xml">
      <![CDATA[org.testng.TestNGException: 
Parameter 'browser' is required by BeforeTest on method lauchtoGooglePage but has not been marked @Optional or defined
in C:\Users\Hao\eclipse-workspace\LearnPOM\GooglSearchdata.xml
... Removed 21 stack frames]]>
    </failure>
  </testcase> <!-- @BeforeTest lauchtoGooglePage -->
  <testcase classname="TestCases.TC_SearchGoogle" name="@AfterTest terminateBrowser" time="-1.616627239043E9">
    <skipped/>
  </testcase> <!-- @AfterTest terminateBrowser -->
  <testcase classname="TestCases.TC_SearchGoogle" name="googleSearch" time="0.0">
    <skipped/>
  </testcase> <!-- googleSearch -->
</testsuite> <!-- TC_SearchGoogle -->
